# JRE version: OpenJDK Runtime Environment Microsoft-40648 (11.0.16.1+1) (build 11.0.16.1+1-LTS)
# Java VM: OpenJDK 64-Bit Server VM Microsoft-40648 (11.0.16.1+1-LTS, mixed mode, tiered, compressed oops, g1 gc, windows-amd64)
Heap:
 garbage-first heap   total 312320K, used 28672K [0x0000000702800000, 0x0000000800000000)
  region size 1024K, 11 young (11264K), 11 survivors (11264K)
 Metaspace       used 13832K, capacity 14079K, committed 14336K, reserved 1062912K
  class space    used 1108K, capacity 1175K, committed 1280K, reserved 1048576K
GC Heap History (9 events):
Event: 0.466 GC heap before
{Heap before GC invocations=0 (full 0):
 garbage-first heap   total 260096K, used 24576K [0x0000000702800000, 0x0000000800000000)
  region size 1024K, 24 young (24576K), 0 survivors (0K)
 Metaspace       used 12277K, capacity 12563K, committed 12672K, reserved 1060864K
  class space    used 1062K, capacity 1142K, committed 1152K, reserved 1048576K
}
Event: 0.471 GC heap after
{Heap after GC invocations=1 (full 0):
 garbage-first heap   total 260096K, used 3841K [0x0000000702800000, 0x0000000800000000)
  region size 1024K, 3 young (3072K), 3 survivors (3072K)
 Metaspace       used 12277K, capacity 12563K, committed 12672K, reserved 1060864K
  class space    used 1062K, capacity 1142K, committed 1152K, reserved 1048576K
}
Event: 0.915 GC heap before
{Heap before GC invocations=1 (full 0):
 garbage-first heap   total 260096K, used 171777K [0x0000000702800000, 0x0000000800000000)
  region size 1024K, 152 young (155648K), 3 survivors (3072K)
 Metaspace       used 12958K, capacity 13147K, committed 13184K, reserved 1060864K
  class space    used 1067K, capacity 1142K, committed 1152K, reserved 1048576K
}
Event: 0.920 GC heap after
{Heap after GC invocations=2 (full 0):
 garbage-first heap   total 260096K, used 18171K [0x0000000702800000, 0x0000000800000000)
  region size 1024K, 17 young (17408K), 17 survivors (17408K)
 Metaspace       used 12958K, capacity 13147K, committed 13184K, reserved 1060864K
  class space    used 1067K, capacity 1142K, committed 1152K, reserved 1048576K
}
Event: 1.156 GC heap before
{Heap before GC invocations=2 (full 0):
 garbage-first heap   total 260096K, used 150267K [0x0000000702800000, 0x0000000800000000)
  region size 1024K, 139 young (142336K), 17 survivors (17408K)
 Metaspace       used 13650K, capacity 13886K, committed 14080K, reserved 1062912K
  class space    used 1107K, capacity 1175K, committed 1280K, reserved 1048576K
}
Event: 1.163 GC heap after
{Heap after GC invocations=3 (full 0):
 garbage-first heap   total 260096K, used 19975K [0x0000000702800000, 0x0000000800000000)
  region size 1024K, 11 young (11264K), 11 survivors (11264K)
 Metaspace       used 13650K, capacity 13886K, committed 14080K, reserved 1062912K
  class space    used 1107K, capacity 1175K, committed 1280K, reserved 1048576K
}
Event: 1.342 GC heap before
{Heap before GC invocations=3 (full 0):
 garbage-first heap   total 260096K, used 172551K [0x0000000702800000, 0x0000000800000000)
  region size 1024K, 151 young (154624K), 11 survivors (11264K)
 Metaspace       used 13812K, capacity 14079K, committed 14336K, reserved 1062912K
  class space    used 1108K, capacity 1175K, committed 1280K, reserved 1048576K
}
Event: 1.345 GC heap after
{Heap after GC invocations=4 (full 0):
 garbage-first heap   total 260096K, used 24513K [0x0000000702800000, 0x0000000800000000)
  region size 1024K, 13 young (13312K), 13 survivors (13312K)
 Metaspace       used 13812K, capacity 14079K, committed 14336K, reserved 1062912K
  class space    used 1108K, capacity 1175K, committed 1280K, reserved 1048576K
}
Event: 1.441 GC heap before
{Heap before GC invocations=4 (full 0):
 garbage-first heap   total 260096K, used 174017K [0x0000000702800000, 0x0000000800000000)
  region size 1024K, 152 young (155648K), 13 survivors (13312K)
 Metaspace       used 13832K, capacity 14079K, committed 14336K, reserved 1062912K
  class space    used 1108K, capacity 1175K, committed 1280K, reserved 1048576K
}

